<?xml version="1.0" encoding="UTF-8"?>
<testsuite xmlns:xsi="http://www.w3.org/2001/XMLSchema-instance" xsi:noNamespaceSchemaLocation="https://maven.apache.org/surefire/maven-surefire-plugin/xsd/surefire-test-report.xsd" name="TestSuite" time="124.959" tests="10" errors="0" skipped="0" failures="2">
  <properties>
[...]
</properties>
  <testcase name="Test01_displyTitleLogin" classname="sanity.GrafanaLogin" time="3.228"/>
  <testcase name="Test02_displyEmailNote" classname="sanity.GrafanaLogin" time="0.631"/>
  <testcase name="Test03_displyPassNote" classname="sanity.GrafanaLogin" time="0.504"/>
  <testcase name="Test04_displyForgotLink" classname="sanity.GrafanaLogin" time="0.783"/>
  <testcase name="Test05_VerifyEnabledButton" classname="sanity.GrafanaLogin" time="0.847"/>
  <testcase name="Test06_verifyHeader" classname="sanity.GrafanaLogin" time="10.947"/>
  <testcase name="Test01_verifyToolBar" classname="sanity.GrafanaMainPage" time="11.731"/>
  <testcase name="Test01_verifyDefaultUser" classname="sanity.GrafanaServerAdmin" time="4.783">
    <failure message="expected [1] but found [2]" type="java.lang.AssertionError">java.lang.AssertionError: expected [1] but found [2]
	at sanity.GrafanaServerAdmin.Test01_verifyDefaultUser(GrafanaServerAdmin.java:18)
</failure>
    <system-out><![CDATA[file is now created
------------ Starting Test: Test01_verifyDefaultUser----------
------------ Test Test01_verifyDefaultUser Failed, ------------
file stop recording
]]></system-out>
    <system-err><![CDATA[[main] INFO io.github.bonigarcia.wdm.WebDriverManager - Using chromedriver 100.0.4896.60 (resolved driver for Chrome 100)
[main] INFO io.github.bonigarcia.wdm.WebDriverManager - Exporting webdriver.chrome.driver as C:\Users\יאיר\.cache\selenium\chromedriver\win32\100.0.4896.60\chromedriver.exe
Starting ChromeDriver 100.0.4896.60 (6a5d10861ce8de5fce22564658033b43cb7de047-refs/branch-heads/4896@{#875}) on port 61735
Only local connections are allowed.
Please see https://chromedriver.chromium.org/security-considerations for suggestions on keeping ChromeDriver safe.
ChromeDriver was started successfully.
Apr 02, 2022 10:51:50 PM org.openqa.selenium.remote.ProtocolHandshake createSession
INFO: Detected dialect: W3C
Apr 02, 2022 10:51:50 PM org.openqa.selenium.devtools.CdpVersionFinder findNearestMatch
WARNING: Unable to find an exact match for CDP version 100, so returning the closest version found: 96
Apr 02, 2022 10:51:50 PM org.openqa.selenium.devtools.CdpVersionFinder findNearestMatch
INFO: Found CDP implementation for version 100 of 96
[main] ERROR io.qameta.allure.AllureLifecycle - Could not add attachment: no test is running
]]></system-err>
  </testcase>
  <testcase name="Test02_VerifyNewUser" classname="sanity.GrafanaServerAdmin" time="16.854">
    <failure message="-1" type="java.lang.ArrayIndexOutOfBoundsException">java.lang.ArrayIndexOutOfBoundsException: -1
	at sanity.GrafanaServerAdmin.Test02_VerifyNewUser(GrafanaServerAdmin.java:25)
</failure>
    <system-out><![CDATA[file is now created
------------ Starting Test: Test02_VerifyNewUser----------
------------ Test Test02_VerifyNewUser Failed, ------------
file stop recording
]]></system-out>
    <system-err><![CDATA[[main] ERROR io.qameta.allure.AllureLifecycle - Could not add attachment: no test is running
]]></system-err>
  </testcase>
  <testcase name="Test04_SearchUsers" classname="sanity.GrafanaServerAdmin" time="13.298"/>
</testsuite>